<?xml version="1.0" encoding="UTF-8"?>
<testsuite name="ari.com.hr.application.dao.InitDataTest" time="0" tests="1" errors="0" skipped="1" failures="0">
  <properties>
[...]
</properties>
  <testcase name="readRolesAndDipatcherUrl" classname="ari.com.hr.application.dao.InitDataTest" time="0">
    <skipped/>
    <system-out><![CDATA[17:46:50.329 [main] DEBUG org.springframework.test.context.junit4.SpringJUnit4ClassRunner - SpringJUnit4ClassRunner constructor called with [class ari.com.hr.application.dao.InitDataTest]
17:46:50.337 [main] DEBUG org.springframework.test.context.BootstrapUtils - Instantiating CacheAwareContextLoaderDelegate from class [org.springframework.test.context.cache.DefaultCacheAwareContextLoaderDelegate]
17:46:50.349 [main] DEBUG org.springframework.test.context.BootstrapUtils - Instantiating BootstrapContext using constructor [public org.springframework.test.context.support.DefaultBootstrapContext(java.lang.Class,org.springframework.test.context.CacheAwareContextLoaderDelegate)]
17:46:50.397 [main] DEBUG org.springframework.test.context.BootstrapUtils - Instantiating TestContextBootstrapper for test class [ari.com.hr.application.dao.InitDataTest] from class [org.springframework.boot.test.context.SpringBootTestContextBootstrapper]
17:46:50.428 [main] INFO org.springframework.boot.test.context.SpringBootTestContextBootstrapper - Neither @ContextConfiguration nor @ContextHierarchy found for test class [ari.com.hr.application.dao.InitDataTest], using SpringBootContextLoader
17:46:50.434 [main] DEBUG org.springframework.test.context.support.AbstractContextLoader - Did not detect default resource location for test class [ari.com.hr.application.dao.InitDataTest]: class path resource [ari/com/hr/application/dao/InitDataTest-context.xml] does not exist
17:46:50.435 [main] DEBUG org.springframework.test.context.support.AbstractContextLoader - Did not detect default resource location for test class [ari.com.hr.application.dao.InitDataTest]: class path resource [ari/com/hr/application/dao/InitDataTestContext.groovy] does not exist
17:46:50.435 [main] INFO org.springframework.test.context.support.AbstractContextLoader - Could not detect default resource locations for test class [ari.com.hr.application.dao.InitDataTest]: no resource found for suffixes {-context.xml, Context.groovy}.
17:46:50.436 [main] INFO org.springframework.test.context.support.AnnotationConfigContextLoaderUtils - Could not detect default configuration classes for test class [ari.com.hr.application.dao.InitDataTest]: InitDataTest does not declare any static, non-private, non-final, nested classes annotated with @Configuration.
17:46:50.483 [main] DEBUG org.springframework.test.context.support.ActiveProfilesUtils - Could not find an 'annotation declaring class' for annotation type [org.springframework.test.context.ActiveProfiles] and class [ari.com.hr.application.dao.InitDataTest]
17:46:50.546 [main] DEBUG org.springframework.core.env.StandardEnvironment - Adding [systemProperties] PropertySource with lowest search precedence
17:46:50.548 [main] DEBUG org.springframework.core.env.StandardEnvironment - Adding [systemEnvironment] PropertySource with lowest search precedence
17:46:50.548 [main] DEBUG org.springframework.core.env.StandardEnvironment - Initialized StandardEnvironment with PropertySources [systemProperties,systemEnvironment]
17:46:50.558 [main] DEBUG org.springframework.core.io.support.PathMatchingResourcePatternResolver - Resolved classpath location [ari/com/hr/application/dao/] to resources [URL [file:/media/ari-prasetiyo/ae9fa562-7875-470a-a44a-18829c16dc0f/PROJECT/hr-application-with-spring/target/test-classes/ari/com/hr/application/dao/], URL [file:/media/ari-prasetiyo/ae9fa562-7875-470a-a44a-18829c16dc0f/PROJECT/hr-application-with-spring/target/classes/ari/com/hr/application/dao/]]
17:46:50.559 [main] DEBUG org.springframework.core.io.support.PathMatchingResourcePatternResolver - Looking for matching resources in directory tree [/media/ari-prasetiyo/ae9fa562-7875-470a-a44a-18829c16dc0f/PROJECT/hr-application-with-spring/target/test-classes/ari/com/hr/application/dao]
17:46:50.559 [main] DEBUG org.springframework.core.io.support.PathMatchingResourcePatternResolver - Searching directory [/media/ari-prasetiyo/ae9fa562-7875-470a-a44a-18829c16dc0f/PROJECT/hr-application-with-spring/target/test-classes/ari/com/hr/application/dao] for files matching pattern [/media/ari-prasetiyo/ae9fa562-7875-470a-a44a-18829c16dc0f/PROJECT/hr-application-with-spring/target/test-classes/ari/com/hr/application/dao/*.class]
17:46:50.564 [main] DEBUG org.springframework.core.io.support.PathMatchingResourcePatternResolver - Looking for matching resources in directory tree [/media/ari-prasetiyo/ae9fa562-7875-470a-a44a-18829c16dc0f/PROJECT/hr-application-with-spring/target/classes/ari/com/hr/application/dao]
17:46:50.564 [main] DEBUG org.springframework.core.io.support.PathMatchingResourcePatternResolver - Searching directory [/media/ari-prasetiyo/ae9fa562-7875-470a-a44a-18829c16dc0f/PROJECT/hr-application-with-spring/target/classes/ari/com/hr/application/dao] for files matching pattern [/media/ari-prasetiyo/ae9fa562-7875-470a-a44a-18829c16dc0f/PROJECT/hr-application-with-spring/target/classes/ari/com/hr/application/dao/*.class]
17:46:50.565 [main] DEBUG org.springframework.core.io.support.PathMatchingResourcePatternResolver - Resolved location pattern [classpath*:ari/com/hr/application/dao/*.class] to resources [file [/media/ari-prasetiyo/ae9fa562-7875-470a-a44a-18829c16dc0f/PROJECT/hr-application-with-spring/target/test-classes/ari/com/hr/application/dao/InitDataTest.class], file [/media/ari-prasetiyo/ae9fa562-7875-470a-a44a-18829c16dc0f/PROJECT/hr-application-with-spring/target/test-classes/ari/com/hr/application/dao/ReadDataTest.class], file [/media/ari-prasetiyo/ae9fa562-7875-470a-a44a-18829c16dc0f/PROJECT/hr-application-with-spring/target/classes/ari/com/hr/application/dao/SysAuthorizationDao.class], file [/media/ari-prasetiyo/ae9fa562-7875-470a-a44a-18829c16dc0f/PROJECT/hr-application-with-spring/target/classes/ari/com/hr/application/dao/SysRolesDao.class], file [/media/ari-prasetiyo/ae9fa562-7875-470a-a44a-18829c16dc0f/PROJECT/hr-application-with-spring/target/classes/ari/com/hr/application/dao/SysUserDao.class], file [/media/ari-prasetiyo/ae9fa562-7875-470a-a44a-18829c16dc0f/PROJECT/hr-application-with-spring/target/classes/ari/com/hr/application/dao/SysUserRolesDao.class]]
17:46:50.590 [main] DEBUG org.springframework.core.io.support.PathMatchingResourcePatternResolver - Resolved classpath location [ari/com/hr/application/] to resources [URL [file:/media/ari-prasetiyo/ae9fa562-7875-470a-a44a-18829c16dc0f/PROJECT/hr-application-with-spring/target/test-classes/ari/com/hr/application/], URL [file:/media/ari-prasetiyo/ae9fa562-7875-470a-a44a-18829c16dc0f/PROJECT/hr-application-with-spring/target/classes/ari/com/hr/application/]]
17:46:50.590 [main] DEBUG org.springframework.core.io.support.PathMatchingResourcePatternResolver - Looking for matching resources in directory tree [/media/ari-prasetiyo/ae9fa562-7875-470a-a44a-18829c16dc0f/PROJECT/hr-application-with-spring/target/test-classes/ari/com/hr/application]
17:46:50.591 [main] DEBUG org.springframework.core.io.support.PathMatchingResourcePatternResolver - Searching directory [/media/ari-prasetiyo/ae9fa562-7875-470a-a44a-18829c16dc0f/PROJECT/hr-application-with-spring/target/test-classes/ari/com/hr/application] for files matching pattern [/media/ari-prasetiyo/ae9fa562-7875-470a-a44a-18829c16dc0f/PROJECT/hr-application-with-spring/target/test-classes/ari/com/hr/application/*.class]
17:46:50.592 [main] DEBUG org.springframework.core.io.support.PathMatchingResourcePatternResolver - Looking for matching resources in directory tree [/media/ari-prasetiyo/ae9fa562-7875-470a-a44a-18829c16dc0f/PROJECT/hr-application-with-spring/target/classes/ari/com/hr/application]
17:46:50.593 [main] DEBUG org.springframework.core.io.support.PathMatchingResourcePatternResolver - Searching directory [/media/ari-prasetiyo/ae9fa562-7875-470a-a44a-18829c16dc0f/PROJECT/hr-application-with-spring/target/classes/ari/com/hr/application] for files matching pattern [/media/ari-prasetiyo/ae9fa562-7875-470a-a44a-18829c16dc0f/PROJECT/hr-application-with-spring/target/classes/ari/com/hr/application/*.class]
17:46:50.594 [main] DEBUG org.springframework.core.io.support.PathMatchingResourcePatternResolver - Resolved location pattern [classpath*:ari/com/hr/application/*.class] to resources [file [/media/ari-prasetiyo/ae9fa562-7875-470a-a44a-18829c16dc0f/PROJECT/hr-application-with-spring/target/test-classes/ari/com/hr/application/HrApplicationWithSpringApplicationTests.class], file [/media/ari-prasetiyo/ae9fa562-7875-470a-a44a-18829c16dc0f/PROJECT/hr-application-with-spring/target/classes/ari/com/hr/application/ConfigurationSecurity.class], file [/media/ari-prasetiyo/ae9fa562-7875-470a-a44a-18829c16dc0f/PROJECT/hr-application-with-spring/target/classes/ari/com/hr/application/ConfigurationWeb.class], file [/media/ari-prasetiyo/ae9fa562-7875-470a-a44a-18829c16dc0f/PROJECT/hr-application-with-spring/target/classes/ari/com/hr/application/HrApplicationWithSpringApplication.class]]
17:46:50.649 [main] DEBUG org.springframework.context.annotation.ClassPathScanningCandidateComponentProvider - Identified candidate component class: file [/media/ari-prasetiyo/ae9fa562-7875-470a-a44a-18829c16dc0f/PROJECT/hr-application-with-spring/target/classes/ari/com/hr/application/HrApplicationWithSpringApplication.class]
17:46:50.651 [main] INFO org.springframework.boot.test.context.SpringBootTestContextBootstrapper - Found @SpringBootConfiguration ari.com.hr.application.HrApplicationWithSpringApplication for test class ari.com.hr.application.dao.InitDataTest
17:46:50.655 [main] DEBUG org.springframework.boot.test.context.SpringBootTestContextBootstrapper - @TestExecutionListeners is not present for class [ari.com.hr.application.dao.InitDataTest]: using defaults.
17:46:50.658 [main] INFO org.springframework.boot.test.context.SpringBootTestContextBootstrapper - Loaded default TestExecutionListener class names from location [META-INF/spring.factories]: [org.springframework.boot.test.mock.mockito.MockitoTestExecutionListener, org.springframework.boot.test.mock.mockito.ResetMocksTestExecutionListener, org.springframework.boot.test.autoconfigure.restdocs.RestDocsTestExecutionListener, org.springframework.boot.test.autoconfigure.web.client.MockRestServiceServerResetTestExecutionListener, org.springframework.boot.test.autoconfigure.web.servlet.MockMvcPrintOnlyOnFailureTestExecutionListener, org.springframework.boot.test.autoconfigure.web.servlet.WebDriverTestExecutionListener, org.springframework.test.context.web.ServletTestExecutionListener, org.springframework.test.context.support.DirtiesContextBeforeModesTestExecutionListener, org.springframework.test.context.support.DependencyInjectionTestExecutionListener, org.springframework.test.context.support.DirtiesContextTestExecutionListener, org.springframework.test.context.transaction.TransactionalTestExecutionListener, org.springframework.test.context.jdbc.SqlScriptsTestExecutionListener]
17:46:50.684 [main] INFO org.springframework.boot.test.context.SpringBootTestContextBootstrapper - Using TestExecutionListeners: [org.springframework.test.context.web.ServletTestExecutionListener@7ea37dbf, org.springframework.test.context.support.DirtiesContextBeforeModesTestExecutionListener@4b44655e, org.springframework.boot.test.autoconfigure.SpringBootDependencyInjectionTestExecutionListener@290d210d, org.springframework.test.context.support.DirtiesContextTestExecutionListener@1d76aeea, org.springframework.test.context.transaction.TransactionalTestExecutionListener@78dd667e, org.springframework.test.context.jdbc.SqlScriptsTestExecutionListener@10db82ae, org.springframework.boot.test.autoconfigure.web.client.MockRestServiceServerResetTestExecutionListener@501edcf1, org.springframework.boot.test.mock.mockito.MockitoTestExecutionListener@78b729e6, org.springframework.boot.test.mock.mockito.ResetMocksTestExecutionListener@6b4a4e18, org.springframework.boot.test.autoconfigure.restdocs.RestDocsTestExecutionListener@27c86f2d, org.springframework.boot.test.autoconfigure.web.servlet.MockMvcPrintOnlyOnFailureTestExecutionListener@197d671, org.springframework.boot.test.autoconfigure.web.servlet.WebDriverTestExecutionListener@402e37bc]
17:46:50.688 [main] DEBUG org.springframework.test.context.junit4.SpringJUnit4ClassRunner - SpringJUnit4ClassRunner constructor called with [class ari.com.hr.application.dao.ReadDataTest]
17:46:50.688 [main] DEBUG org.springframework.test.context.BootstrapUtils - Instantiating CacheAwareContextLoaderDelegate from class [org.springframework.test.context.cache.DefaultCacheAwareContextLoaderDelegate]
17:46:50.688 [main] DEBUG org.springframework.test.context.BootstrapUtils - Instantiating BootstrapContext using constructor [public org.springframework.test.context.support.DefaultBootstrapContext(java.lang.Class,org.springframework.test.context.CacheAwareContextLoaderDelegate)]
17:46:50.690 [main] DEBUG org.springframework.test.context.BootstrapUtils - Instantiating TestContextBootstrapper for test class [ari.com.hr.application.dao.ReadDataTest] from class [org.springframework.boot.test.context.SpringBootTestContextBootstrapper]
17:46:50.691 [main] INFO org.springframework.boot.test.context.SpringBootTestContextBootstrapper - Neither @ContextConfiguration nor @ContextHierarchy found for test class [ari.com.hr.application.dao.ReadDataTest], using SpringBootContextLoader
17:46:50.703 [main] DEBUG org.springframework.test.context.support.AbstractContextLoader - Did not detect default resource location for test class [ari.com.hr.application.dao.ReadDataTest]: class path resource [ari/com/hr/application/dao/ReadDataTest-context.xml] does not exist
17:46:50.704 [main] DEBUG org.springframework.test.context.support.AbstractContextLoader - Did not detect default resource location for test class [ari.com.hr.application.dao.ReadDataTest]: class path resource [ari/com/hr/application/dao/ReadDataTestContext.groovy] does not exist
17:46:50.704 [main] INFO org.springframework.test.context.support.AbstractContextLoader - Could not detect default resource locations for test class [ari.com.hr.application.dao.ReadDataTest]: no resource found for suffixes {-context.xml, Context.groovy}.
17:46:50.704 [main] INFO org.springframework.test.context.support.AnnotationConfigContextLoaderUtils - Could not detect default configuration classes for test class [ari.com.hr.application.dao.ReadDataTest]: ReadDataTest does not declare any static, non-private, non-final, nested classes annotated with @Configuration.
17:46:50.711 [main] DEBUG org.springframework.test.context.support.ActiveProfilesUtils - Could not find an 'annotation declaring class' for annotation type [org.springframework.test.context.ActiveProfiles] and class [ari.com.hr.application.dao.ReadDataTest]
17:46:50.713 [main] DEBUG org.springframework.core.env.StandardEnvironment - Adding [systemProperties] PropertySource with lowest search precedence
17:46:50.713 [main] DEBUG org.springframework.core.env.StandardEnvironment - Adding [systemEnvironment] PropertySource with lowest search precedence
17:46:50.714 [main] DEBUG org.springframework.core.env.StandardEnvironment - Initialized StandardEnvironment with PropertySources [systemProperties,systemEnvironment]
17:46:50.714 [main] INFO org.springframework.boot.test.context.SpringBootTestContextBootstrapper - Found @SpringBootConfiguration ari.com.hr.application.HrApplicationWithSpringApplication for test class ari.com.hr.application.dao.ReadDataTest
17:46:50.717 [main] DEBUG org.springframework.boot.test.context.SpringBootTestContextBootstrapper - @TestExecutionListeners is not present for class [ari.com.hr.application.dao.ReadDataTest]: using defaults.
17:46:50.722 [main] INFO org.springframework.boot.test.context.SpringBootTestContextBootstrapper - Loaded default TestExecutionListener class names from location [META-INF/spring.factories]: [org.springframework.boot.test.mock.mockito.MockitoTestExecutionListener, org.springframework.boot.test.mock.mockito.ResetMocksTestExecutionListener, org.springframework.boot.test.autoconfigure.restdocs.RestDocsTestExecutionListener, org.springframework.boot.test.autoconfigure.web.client.MockRestServiceServerResetTestExecutionListener, org.springframework.boot.test.autoconfigure.web.servlet.MockMvcPrintOnlyOnFailureTestExecutionListener, org.springframework.boot.test.autoconfigure.web.servlet.WebDriverTestExecutionListener, org.springframework.test.context.web.ServletTestExecutionListener, org.springframework.test.context.support.DirtiesContextBeforeModesTestExecutionListener, org.springframework.test.context.support.DependencyInjectionTestExecutionListener, org.springframework.test.context.support.DirtiesContextTestExecutionListener, org.springframework.test.context.transaction.TransactionalTestExecutionListener, org.springframework.test.context.jdbc.SqlScriptsTestExecutionListener]
17:46:50.726 [main] INFO org.springframework.boot.test.context.SpringBootTestContextBootstrapper - Using TestExecutionListeners: [org.springframework.test.context.web.ServletTestExecutionListener@1fe20588, org.springframework.test.context.support.DirtiesContextBeforeModesTestExecutionListener@6ce139a4, org.springframework.boot.test.autoconfigure.SpringBootDependencyInjectionTestExecutionListener@6973bf95, org.springframework.test.context.support.DirtiesContextTestExecutionListener@2ddc8ecb, org.springframework.test.context.transaction.TransactionalTestExecutionListener@229d10bd, org.springframework.test.context.jdbc.SqlScriptsTestExecutionListener@47542153, org.springframework.boot.test.autoconfigure.web.client.MockRestServiceServerResetTestExecutionListener@33afa13b, org.springframework.boot.test.mock.mockito.MockitoTestExecutionListener@7a4ccb53, org.springframework.boot.test.mock.mockito.ResetMocksTestExecutionListener@309e345f, org.springframework.boot.test.autoconfigure.restdocs.RestDocsTestExecutionListener@56a6d5a6, org.springframework.boot.test.autoconfigure.web.servlet.MockMvcPrintOnlyOnFailureTestExecutionListener@18ce0030, org.springframework.boot.test.autoconfigure.web.servlet.WebDriverTestExecutionListener@4445629]
17:46:50.727 [main] DEBUG org.springframework.test.context.junit4.SpringJUnit4ClassRunner - SpringJUnit4ClassRunner constructor called with [class ari.com.hr.application.HrApplicationWithSpringApplicationTests]
17:46:50.727 [main] DEBUG org.springframework.test.context.BootstrapUtils - Instantiating CacheAwareContextLoaderDelegate from class [org.springframework.test.context.cache.DefaultCacheAwareContextLoaderDelegate]
17:46:50.727 [main] DEBUG org.springframework.test.context.BootstrapUtils - Instantiating BootstrapContext using constructor [public org.springframework.test.context.support.DefaultBootstrapContext(java.lang.Class,org.springframework.test.context.CacheAwareContextLoaderDelegate)]
17:46:50.728 [main] DEBUG org.springframework.test.context.BootstrapUtils - Instantiating TestContextBootstrapper for test class [ari.com.hr.application.HrApplicationWithSpringApplicationTests] from class [org.springframework.boot.test.context.SpringBootTestContextBootstrapper]
17:46:50.733 [main] INFO org.springframework.boot.test.context.SpringBootTestContextBootstrapper - Neither @ContextConfiguration nor @ContextHierarchy found for test class [ari.com.hr.application.HrApplicationWithSpringApplicationTests], using SpringBootContextLoader
17:46:50.733 [main] DEBUG org.springframework.test.context.support.AbstractContextLoader - Did not detect default resource location for test class [ari.com.hr.application.HrApplicationWithSpringApplicationTests]: class path resource [ari/com/hr/application/HrApplicationWithSpringApplicationTests-context.xml] does not exist
17:46:50.734 [main] DEBUG org.springframework.test.context.support.AbstractContextLoader - Did not detect default resource location for test class [ari.com.hr.application.HrApplicationWithSpringApplicationTests]: class path resource [ari/com/hr/application/HrApplicationWithSpringApplicationTestsContext.groovy] does not exist
17:46:50.734 [main] INFO org.springframework.test.context.support.AbstractContextLoader - Could not detect default resource locations for test class [ari.com.hr.application.HrApplicationWithSpringApplicationTests]: no resource found for suffixes {-context.xml, Context.groovy}.
17:46:50.734 [main] INFO org.springframework.test.context.support.AnnotationConfigContextLoaderUtils - Could not detect default configuration classes for test class [ari.com.hr.application.HrApplicationWithSpringApplicationTests]: HrApplicationWithSpringApplicationTests does not declare any static, non-private, non-final, nested classes annotated with @Configuration.
17:46:50.738 [main] DEBUG org.springframework.test.context.support.ActiveProfilesUtils - Could not find an 'annotation declaring class' for annotation type [org.springframework.test.context.ActiveProfiles] and class [ari.com.hr.application.HrApplicationWithSpringApplicationTests]
17:46:50.739 [main] DEBUG org.springframework.core.env.StandardEnvironment - Adding [systemProperties] PropertySource with lowest search precedence
17:46:50.740 [main] DEBUG org.springframework.core.env.StandardEnvironment - Adding [systemEnvironment] PropertySource with lowest search precedence
17:46:50.740 [main] DEBUG org.springframework.core.env.StandardEnvironment - Initialized StandardEnvironment with PropertySources [systemProperties,systemEnvironment]
17:46:50.740 [main] DEBUG org.springframework.core.io.support.PathMatchingResourcePatternResolver - Resolved classpath location [ari/com/hr/application/] to resources [URL [file:/media/ari-prasetiyo/ae9fa562-7875-470a-a44a-18829c16dc0f/PROJECT/hr-application-with-spring/target/test-classes/ari/com/hr/application/], URL [file:/media/ari-prasetiyo/ae9fa562-7875-470a-a44a-18829c16dc0f/PROJECT/hr-application-with-spring/target/classes/ari/com/hr/application/]]
17:46:50.740 [main] DEBUG org.springframework.core.io.support.PathMatchingResourcePatternResolver - Looking for matching resources in directory tree [/media/ari-prasetiyo/ae9fa562-7875-470a-a44a-18829c16dc0f/PROJECT/hr-application-with-spring/target/test-classes/ari/com/hr/application]
17:46:50.740 [main] DEBUG org.springframework.core.io.support.PathMatchingResourcePatternResolver - Searching directory [/media/ari-prasetiyo/ae9fa562-7875-470a-a44a-18829c16dc0f/PROJECT/hr-application-with-spring/target/test-classes/ari/com/hr/application] for files matching pattern [/media/ari-prasetiyo/ae9fa562-7875-470a-a44a-18829c16dc0f/PROJECT/hr-application-with-spring/target/test-classes/ari/com/hr/application/*.class]
17:46:50.743 [main] DEBUG org.springframework.core.io.support.PathMatchingResourcePatternResolver - Looking for matching resources in directory tree [/media/ari-prasetiyo/ae9fa562-7875-470a-a44a-18829c16dc0f/PROJECT/hr-application-with-spring/target/classes/ari/com/hr/application]
17:46:50.744 [main] DEBUG org.springframework.core.io.support.PathMatchingResourcePatternResolver - Searching directory [/media/ari-prasetiyo/ae9fa562-7875-470a-a44a-18829c16dc0f/PROJECT/hr-application-with-spring/target/classes/ari/com/hr/application] for files matching pattern [/media/ari-prasetiyo/ae9fa562-7875-470a-a44a-18829c16dc0f/PROJECT/hr-application-with-spring/target/classes/ari/com/hr/application/*.class]
17:46:50.745 [main] DEBUG org.springframework.core.io.support.PathMatchingResourcePatternResolver - Resolved location pattern [classpath*:ari/com/hr/application/*.class] to resources [file [/media/ari-prasetiyo/ae9fa562-7875-470a-a44a-18829c16dc0f/PROJECT/hr-application-with-spring/target/test-classes/ari/com/hr/application/HrApplicationWithSpringApplicationTests.class], file [/media/ari-prasetiyo/ae9fa562-7875-470a-a44a-18829c16dc0f/PROJECT/hr-application-with-spring/target/classes/ari/com/hr/application/ConfigurationSecurity.class], file [/media/ari-prasetiyo/ae9fa562-7875-470a-a44a-18829c16dc0f/PROJECT/hr-application-with-spring/target/classes/ari/com/hr/application/ConfigurationWeb.class], file [/media/ari-prasetiyo/ae9fa562-7875-470a-a44a-18829c16dc0f/PROJECT/hr-application-with-spring/target/classes/ari/com/hr/application/HrApplicationWithSpringApplication.class]]
17:46:50.748 [main] DEBUG org.springframework.context.annotation.ClassPathScanningCandidateComponentProvider - Identified candidate component class: file [/media/ari-prasetiyo/ae9fa562-7875-470a-a44a-18829c16dc0f/PROJECT/hr-application-with-spring/target/classes/ari/com/hr/application/HrApplicationWithSpringApplication.class]
17:46:50.749 [main] INFO org.springframework.boot.test.context.SpringBootTestContextBootstrapper - Found @SpringBootConfiguration ari.com.hr.application.HrApplicationWithSpringApplication for test class ari.com.hr.application.HrApplicationWithSpringApplicationTests
17:46:50.751 [main] DEBUG org.springframework.boot.test.context.SpringBootTestContextBootstrapper - @TestExecutionListeners is not present for class [ari.com.hr.application.HrApplicationWithSpringApplicationTests]: using defaults.
17:46:50.754 [main] INFO org.springframework.boot.test.context.SpringBootTestContextBootstrapper - Loaded default TestExecutionListener class names from location [META-INF/spring.factories]: [org.springframework.boot.test.mock.mockito.MockitoTestExecutionListener, org.springframework.boot.test.mock.mockito.ResetMocksTestExecutionListener, org.springframework.boot.test.autoconfigure.restdocs.RestDocsTestExecutionListener, org.springframework.boot.test.autoconfigure.web.client.MockRestServiceServerResetTestExecutionListener, org.springframework.boot.test.autoconfigure.web.servlet.MockMvcPrintOnlyOnFailureTestExecutionListener, org.springframework.boot.test.autoconfigure.web.servlet.WebDriverTestExecutionListener, org.springframework.test.context.web.ServletTestExecutionListener, org.springframework.test.context.support.DirtiesContextBeforeModesTestExecutionListener, org.springframework.test.context.support.DependencyInjectionTestExecutionListener, org.springframework.test.context.support.DirtiesContextTestExecutionListener, org.springframework.test.context.transaction.TransactionalTestExecutionListener, org.springframework.test.context.jdbc.SqlScriptsTestExecutionListener]
17:46:50.757 [main] INFO org.springframework.boot.test.context.SpringBootTestContextBootstrapper - Using TestExecutionListeners: [org.springframework.test.context.web.ServletTestExecutionListener@3cc2931c, org.springframework.test.context.support.DirtiesContextBeforeModesTestExecutionListener@20d28811, org.springframework.boot.test.autoconfigure.SpringBootDependencyInjectionTestExecutionListener@3967e60c, org.springframework.test.context.support.DirtiesContextTestExecutionListener@60d8c9b7, org.springframework.test.context.transaction.TransactionalTestExecutionListener@48aaecc3, org.springframework.test.context.jdbc.SqlScriptsTestExecutionListener@7c0c77c7, org.springframework.boot.test.autoconfigure.web.client.MockRestServiceServerResetTestExecutionListener@7adda9cc, org.springframework.boot.test.mock.mockito.MockitoTestExecutionListener@5cee5251, org.springframework.boot.test.mock.mockito.ResetMocksTestExecutionListener@433d61fb, org.springframework.boot.test.autoconfigure.restdocs.RestDocsTestExecutionListener@5c909414, org.springframework.boot.test.autoconfigure.web.servlet.MockMvcPrintOnlyOnFailureTestExecutionListener@4b14c583, org.springframework.boot.test.autoconfigure.web.servlet.WebDriverTestExecutionListener@65466a6a]
17:46:50.760 [main] DEBUG org.springframework.test.annotation.ProfileValueUtils - Retrieved @ProfileValueSourceConfiguration [null] for test class [ari.com.hr.application.dao.InitDataTest]
17:46:50.761 [main] DEBUG org.springframework.test.annotation.ProfileValueUtils - Retrieved ProfileValueSource type [class org.springframework.test.annotation.SystemProfileValueSource] for class [ari.com.hr.application.dao.InitDataTest]
17:46:50.762 [main] DEBUG org.springframework.test.annotation.ProfileValueUtils - Retrieved @ProfileValueSourceConfiguration [null] for test class [ari.com.hr.application.dao.ReadDataTest]
17:46:50.762 [main] DEBUG org.springframework.test.annotation.ProfileValueUtils - Retrieved ProfileValueSource type [class org.springframework.test.annotation.SystemProfileValueSource] for class [ari.com.hr.application.dao.ReadDataTest]
17:46:50.762 [main] DEBUG org.springframework.test.annotation.ProfileValueUtils - Retrieved @ProfileValueSourceConfiguration [null] for test class [ari.com.hr.application.HrApplicationWithSpringApplicationTests]
17:46:50.762 [main] DEBUG org.springframework.test.annotation.ProfileValueUtils - Retrieved ProfileValueSource type [class org.springframework.test.annotation.SystemProfileValueSource] for class [ari.com.hr.application.HrApplicationWithSpringApplicationTests]
17:46:50.765 [main] DEBUG org.springframework.test.context.junit4.SpringJUnit4ClassRunner - SpringJUnit4ClassRunner constructor called with [class ari.com.hr.application.dao.InitDataTest]
17:46:50.765 [main] DEBUG org.springframework.test.context.BootstrapUtils - Instantiating CacheAwareContextLoaderDelegate from class [org.springframework.test.context.cache.DefaultCacheAwareContextLoaderDelegate]
17:46:50.765 [main] DEBUG org.springframework.test.context.BootstrapUtils - Instantiating BootstrapContext using constructor [public org.springframework.test.context.support.DefaultBootstrapContext(java.lang.Class,org.springframework.test.context.CacheAwareContextLoaderDelegate)]
17:46:50.766 [main] DEBUG org.springframework.test.context.BootstrapUtils - Instantiating TestContextBootstrapper for test class [ari.com.hr.application.dao.InitDataTest] from class [org.springframework.boot.test.context.SpringBootTestContextBootstrapper]
17:46:50.766 [main] INFO org.springframework.boot.test.context.SpringBootTestContextBootstrapper - Neither @ContextConfiguration nor @ContextHierarchy found for test class [ari.com.hr.application.dao.InitDataTest], using SpringBootContextLoader
17:46:50.767 [main] DEBUG org.springframework.test.context.support.AbstractContextLoader - Did not detect default resource location for test class [ari.com.hr.application.dao.InitDataTest]: class path resource [ari/com/hr/application/dao/InitDataTest-context.xml] does not exist
17:46:50.768 [main] DEBUG org.springframework.test.context.support.AbstractContextLoader - Did not detect default resource location for test class [ari.com.hr.application.dao.InitDataTest]: class path resource [ari/com/hr/application/dao/InitDataTestContext.groovy] does not exist
17:46:50.768 [main] INFO org.springframework.test.context.support.AbstractContextLoader - Could not detect default resource locations for test class [ari.com.hr.application.dao.InitDataTest]: no resource found for suffixes {-context.xml, Context.groovy}.
17:46:50.768 [main] INFO org.springframework.test.context.support.AnnotationConfigContextLoaderUtils - Could not detect default configuration classes for test class [ari.com.hr.application.dao.InitDataTest]: InitDataTest does not declare any static, non-private, non-final, nested classes annotated with @Configuration.
17:46:50.771 [main] DEBUG org.springframework.test.context.support.ActiveProfilesUtils - Could not find an 'annotation declaring class' for annotation type [org.springframework.test.context.ActiveProfiles] and class [ari.com.hr.application.dao.InitDataTest]
17:46:50.772 [main] DEBUG org.springframework.core.env.StandardEnvironment - Adding [systemProperties] PropertySource with lowest search precedence
17:46:50.772 [main] DEBUG org.springframework.core.env.StandardEnvironment - Adding [systemEnvironment] PropertySource with lowest search precedence
17:46:50.772 [main] DEBUG org.springframework.core.env.StandardEnvironment - Initialized StandardEnvironment with PropertySources [systemProperties,systemEnvironment]
17:46:50.773 [main] INFO org.springframework.boot.test.context.SpringBootTestContextBootstrapper - Found @SpringBootConfiguration ari.com.hr.application.HrApplicationWithSpringApplication for test class ari.com.hr.application.dao.InitDataTest
17:46:50.774 [main] DEBUG org.springframework.boot.test.context.SpringBootTestContextBootstrapper - @TestExecutionListeners is not present for class [ari.com.hr.application.dao.InitDataTest]: using defaults.
17:46:50.776 [main] INFO org.springframework.boot.test.context.SpringBootTestContextBootstrapper - Loaded default TestExecutionListener class names from location [META-INF/spring.factories]: [org.springframework.boot.test.mock.mockito.MockitoTestExecutionListener, org.springframework.boot.test.mock.mockito.ResetMocksTestExecutionListener, org.springframework.boot.test.autoconfigure.restdocs.RestDocsTestExecutionListener, org.springframework.boot.test.autoconfigure.web.client.MockRestServiceServerResetTestExecutionListener, org.springframework.boot.test.autoconfigure.web.servlet.MockMvcPrintOnlyOnFailureTestExecutionListener, org.springframework.boot.test.autoconfigure.web.servlet.WebDriverTestExecutionListener, org.springframework.test.context.web.ServletTestExecutionListener, org.springframework.test.context.support.DirtiesContextBeforeModesTestExecutionListener, org.springframework.test.context.support.DependencyInjectionTestExecutionListener, org.springframework.test.context.support.DirtiesContextTestExecutionListener, org.springframework.test.context.transaction.TransactionalTestExecutionListener, org.springframework.test.context.jdbc.SqlScriptsTestExecutionListener]
17:46:50.779 [main] INFO org.springframework.boot.test.context.SpringBootTestContextBootstrapper - Using TestExecutionListeners: [org.springframework.test.context.web.ServletTestExecutionListener@a9cd3b1, org.springframework.test.context.support.DirtiesContextBeforeModesTestExecutionListener@13e39c73, org.springframework.boot.test.autoconfigure.SpringBootDependencyInjectionTestExecutionListener@64cd705f, org.springframework.test.context.support.DirtiesContextTestExecutionListener@9225652, org.springframework.test.context.transaction.TransactionalTestExecutionListener@654f0d9c, org.springframework.test.context.jdbc.SqlScriptsTestExecutionListener@6a400542, org.springframework.boot.test.autoconfigure.web.client.MockRestServiceServerResetTestExecutionListener@6580cfdd, org.springframework.boot.test.mock.mockito.MockitoTestExecutionListener@7e0b85f9, org.springframework.boot.test.mock.mockito.ResetMocksTestExecutionListener@63355449, org.springframework.boot.test.autoconfigure.restdocs.RestDocsTestExecutionListener@9353778, org.springframework.boot.test.autoconfigure.web.servlet.MockMvcPrintOnlyOnFailureTestExecutionListener@6a28ffa4, org.springframework.boot.test.autoconfigure.web.servlet.WebDriverTestExecutionListener@48ae9b55]
17:46:50.780 [main] DEBUG org.springframework.test.annotation.ProfileValueUtils - Retrieved @ProfileValueSourceConfiguration [null] for test class [ari.com.hr.application.dao.InitDataTest]
17:46:50.780 [main] DEBUG org.springframework.test.annotation.ProfileValueUtils - Retrieved ProfileValueSource type [class org.springframework.test.annotation.SystemProfileValueSource] for class [ari.com.hr.application.dao.InitDataTest]
17:46:50.781 [main] DEBUG org.springframework.test.annotation.ProfileValueUtils - Retrieved @ProfileValueSourceConfiguration [null] for test class [ari.com.hr.application.dao.InitDataTest]
17:46:50.782 [main] DEBUG org.springframework.test.annotation.ProfileValueUtils - Retrieved ProfileValueSource type [class org.springframework.test.annotation.SystemProfileValueSource] for class [ari.com.hr.application.dao.InitDataTest]
]]></system-out>
  </testcase>
</testsuite>